<?xml version="1.0" encoding="UTF-8" standalone="yes"?><!DOCTYPE report PUBLIC "-//JACOCO//DTD Report 1.1//EN" "report.dtd"><report name="ms-motor-coincidencias"><sessioninfo id="ZEETAA-9989cb64" start="1781495627860" dump="1781495632666"/><sessioninfo id="ZEETAA-a467e6ea" start="1781495715161" dump="1781495720275"/><sessioninfo id="ZEETAA-ab2f119e" start="1781495731960" dump="1781495736810"/><sessioninfo id="ZEETAA-170c686e" start="1781495751890" dump="1781495757719"/><sessioninfo id="ZEETAA-c3117f45" start="1781495762480" dump="1781495767470"/><sessioninfo id="ZEETAA-213a2380" start="1781495922786" dump="1781495927450"/><sessioninfo id="ZEETAA-62695c02" start="1781496064801" dump="1781496069564"/><sessioninfo id="ZEETAA-c8e26171" start="1781496097891" dump="1781496103388"/><sessioninfo id="ZEETAA-16c29900" start="1781496171977" dump="1781496181523"/><sessioninfo id="ZEETAA-d7d7dbc9" start="1781496197075" dump="1781496202247"/><sessioninfo id="ZEETAA-913bcda0" start="1781496217270" dump="1781496221953"/><sessioninfo id="ZEETAA-5a9dea1" start="1781496251005" dump="1781496255617"/><sessioninfo id="ZEETAA-2685d02b" start="1781496706345" dump="1781496712300"/><sessioninfo id="ZEETAA-a28cfe6e" start="1781497099153" dump="1781497103264"/><sessioninfo id="ZEETAA-42aee85d" start="1781498136789" dump="1781498142304"/><package name="com/sanosysalvos/motor/dto"><class name="com/sanosysalvos/motor/dto/HistorialDto" sourcefilename="HistorialDto.java"/><class name="com/sanosysalvos/motor/dto/BusquedaResultDto" sourcefilename="BusquedaResultDto.java"/><class name="com/sanosysalvos/motor/dto/CandidatoDto" sourcefilename="CandidatoDto.java"/><class name="com/sanosysalvos/motor/dto/ResumenDto" sourcefilename="ResumenDto.java"/><sourcefile name="BusquedaResultDto.java"/><sourcefile name="HistorialDto.java"/><sourcefile name="CandidatoDto.java"/><sourcefile name="ResumenDto.java"/></package><package name="com/sanosysalvos/motor/controller"><class name="com/sanosysalvos/motor/controller/MotorController" sourcefilename="MotorController.java"><method name="buscarCoincidencias" desc="(Ljava/lang/String;Ljava/lang/Double;Ljava/lang/Integer;Ljava/lang/Integer;)Lorg/springframework/http/ResponseEntity;" line="28"><counter type="INSTRUCTION" missed="13" covered="0"/><counter type="LINE" missed="3" covered="0"/><counter type="COMPLEXITY" missed="1" covered="0"/><counter type="METHOD" missed="1" covered="0"/></method><method name="getHistorial" desc="(Ljava/lang/Integer;)Lorg/springframework/http/ResponseEntity;" line="37"><counter type="INSTRUCTION" missed="6" covered="0"/><counter type="LINE" missed="1" covered="0"/><counter type="COMPLEXITY" missed="1" covered="0"/><counter type="METHOD" missed="1" covered="0"/></method><method name="getResumen" desc="()Lorg/springframework/http/ResponseEntity;" line="42"><counter type="INSTRUCTION" missed="5" covered="0"/><counter type="LINE" missed="1" covered="0"/><counter type="COMPLEXITY" missed="1" covered="0"/><counter type="METHOD" missed="1" covered="0"/></method><counter type="INSTRUCTION" missed="24" covered="0"/><counter type="LINE" missed="5" covered="0"/><counter type="COMPLEXITY" missed="3" covered="0"/><counter type="METHOD" missed="3" covered="0"/><counter type="CLASS" missed="1" covered="0"/></class><sourcefile name="MotorController.java"><line nr="28" mi="9" ci="0" mb="0" cb="0"/><line nr="29" mi="1" ci="0" mb="0" cb="0"/><line nr="30" mi="3" ci="0" mb="0" cb="0"/><line nr="37" mi="6" ci="0" mb="0" cb="0"/><line nr="42" mi="5" ci="0" mb="0" cb="0"/><counter type="INSTRUCTION" missed="24" covered="0"/><counter type="LINE" missed="5" covered="0"/><counter type="COMPLEXITY" missed="3" covered="0"/><counter type="METHOD" missed="3" covered="0"/><counter type="CLASS" missed="1" covered="0"/></sourcefile><counter type="INSTRUCTION" missed="24" covered="0"/><counter type="LINE" missed="5" covered="0"/><counter type="COMPLEXITY" missed="3" covered="0"/><counter type="METHOD" missed="3" covered="0"/><counter type="CLASS" missed="1" covered="0"/></package><package name="com/sanosysalvos/motor"><class name="com/sanosysalvos/motor/MotorApplication" sourcefilename="MotorApplication.java"><method name="&lt;init&gt;" desc="()V" line="7"><counter type="INSTRUCTION" missed="3" covered="0"/><counter type="LINE" missed="1" covered="0"/><counter type="COMPLEXITY" missed="1" covered="0"/><counter type="METHOD" missed="1" covered="0"/></method><method name="main" desc="([Ljava/lang/String;)V" line="9"><counter type="INSTRUCTION" missed="5" covered="0"/><counter type="LINE" missed="2" covered="0"/><counter type="COMPLEXITY" missed="1" covered="0"/><counter type="METHOD" missed="1" covered="0"/></method><counter type="INSTRUCTION" missed="8" covered="0"/><counter type="LINE" missed="3" covered="0"/><counter type="COMPLEXITY" missed="2" covered="0"/><counter type="METHOD" missed="2" covered="0"/><counter type="CLASS" missed="1" covered="0"/></class><sourcefile name="MotorApplication.java"><line nr="7" mi="3" ci="0" mb="0" cb="0"/><line nr="9" mi="4" ci="0" mb="0" cb="0"/><line nr="10" mi="1" ci="0" mb="0" cb="0"/><counter type="INSTRUCTION" missed="8" covered="0"/><counter type="LINE" missed="3" covered="0"/><counter type="COMPLEXITY" missed="2" covered="0"/><counter type="METHOD" missed="2" covered="0"/><counter type="CLASS" missed="1" covered="0"/></sourcefile><counter type="INSTRUCTION" missed="8" covered="0"/><counter type="LINE" missed="3" covered="0"/><counter type="COMPLEXITY" missed="2" covered="0"/><counter type="METHOD" missed="2" covered="0"/><counter type="CLASS" missed="1" covered="0"/></package><package name="com/sanosysalvos/motor/model"><class name="com/sanosysalvos/motor/model/Mascota" sourcefilename="Mascota.java"><method name="&lt;init&gt;" desc="()V" line="14"><counter type="INSTRUCTION" missed="3" covered="0"/><counter type="LINE" missed="1" covered="0"/><counter type="COMPLEXITY" missed="1" covered="0"/><counter type="METHOD" missed="1" covered="0"/></method><counter type="INSTRUCTION" missed="3" covered="0"/><counter type="LINE" missed="1" covered="0"/><counter type="COMPLEXITY" missed="1" covered="0"/><counter type="METHOD" missed="1" covered="0"/><counter type="CLASS" missed="1" covered="0"/></class><class name="com/sanosysalvos/motor/model/Coincidencia$CoincidenciaBuilder" sourcefilename="Coincidencia.java"/><class name="com/sanosysalvos/motor/model/Coincidencia" sourcefilename="Coincidencia.java"><method name="onCreate" desc="()V" line="47"><counter type="INSTRUCTION" missed="14" covered="0"/><counter type="BRANCH" missed="4" covered="0"/><counter type="LINE" missed="5" covered="0"/><counter type="COMPLEXITY" missed="3" covered="0"/><counter type="METHOD" missed="1" covered="0"/></method><counter type="INSTRUCTION" missed="14" covered="0"/><counter type="BRANCH" missed="4" covered="0"/><counter type="LINE" missed="5" covered="0"/><counter type="COMPLEXITY" missed="3" covered="0"/><counter type="METHOD" missed="1" covered="0"/><counter type="CLASS" missed="1" covered="0"/></class><sourcefile name="Mascota.java"><line nr="14" mi="3" ci="0" mb="0" cb="0"/><counter type="INSTRUCTION" missed="3" covered="0"/><counter type="LINE" missed="1" covered="0"/><counter type="COMPLEXITY" missed="1" covered="0"/><counter type="METHOD" missed="1" covered="0"/><counter type="CLASS" missed="1" covered="0"/></sourcefile><sourcefile name="Coincidencia.java"><line nr="47" mi="3" ci="0" mb="2" cb="0"/><line nr="48" mi="3" ci="0" mb="0" cb="0"/><line nr="50" mi="3" ci="0" mb="2" cb="0"/><line nr="51" mi="4" ci="0" mb="0" cb="0"/><line nr="53" mi="1" ci="0" mb="0" cb="0"/><counter type="INSTRUCTION" missed="14" covered="0"/><counter type="BRANCH" missed="4" covered="0"/><counter type="LINE" missed="5" covered="0"/><counter type="COMPLEXITY" missed="3" covered="0"/><counter type="METHOD" missed="1" covered="0"/><counter type="CLASS" missed="1" covered="0"/></sourcefile><counter type="INSTRUCTION" missed="17" covered="0"/><counter type="BRANCH" missed="4" covered="0"/><counter type="LINE" missed="6" covered="0"/><counter type="COMPLEXITY" missed="4" covered="0"/><counter type="METHOD" missed="2" covered="0"/><counter type="CLASS" missed="2" covered="0"/></package><package name="com/sanosysalvos/motor/pattern"><class name="com/sanosysalvos/motor/pattern/ScoringAlgorithm" sourcefilename="ScoringAlgorithm.java"><method name="&lt;init&gt;" desc="()V" line="7"><counter type="INSTRUCTION" missed="0" covered="3"/><counter type="LINE" missed="0" covered="1"/><counter type="COMPLEXITY" missed="0" covered="1"/><counter type="METHOD" missed="0" covered="1"/></method><method name="distanciaKm" desc="(Ljava/lang/Double;Ljava/lang/Double;Ljava/lang/Double;Ljava/lang/Double;)D" line="10"><counter type="INSTRUCTION" missed="0" covered="70"/><counter type="BRANCH" missed="3" covered="5"/><counter type="LINE" missed="0" covered="10"/><counter type="COMPLEXITY" missed="3" covered="2"/><counter type="METHOD" missed="0" covered="1"/></method><method name="calcularScore" desc="(Lcom/sanosysalvos/motor/model/Mascota;Lcom/sanosysalvos/motor/model/Mascota;)I" line="24"><counter type="INSTRUCTION" missed="1" covered="69"/><counter type="BRANCH" missed="6" covered="16"/><counter type="LINE" missed="1" covered="15"/><counter type="COMPLEXITY" missed="6" covered="6"/><counter type="METHOD" missed="0" covered="1"/></method><counter type="INSTRUCTION" missed="1" covered="142"/><counter type="BRANCH" missed="9" covered="21"/><counter type="LINE" missed="1" covered="26"/><counter type="COMPLEXITY" missed="9" covered="9"/><counter type="METHOD" missed="0" covered="3"/><counter type="CLASS" missed="0" covered="1"/></class><sourcefile name="ScoringAlgorithm.java"><line nr="7" mi="0" ci="3" mb="0" cb="0"/><line nr="10" mi="0" ci="8" mb="3" cb="5"/><line nr="11" mi="0" ci="2" mb="0" cb="0"/><line nr="13" mi="0" ci="2" mb="0" cb="0"/><line nr="14" mi="0" ci="7" mb="0" cb="0"/><line nr="15" mi="0" ci="7" mb="0" cb="0"/><line nr="16" mi="0" ci="11" mb="0" cb="0"/><line nr="17" mi="0" ci="11" mb="0" cb="0"/><line nr="18" mi="0" ci="8" mb="0" cb="0"/><line nr="19" mi="0" ci="10" mb="0" cb="0"/><line nr="20" mi="0" ci="4" mb="0" cb="0"/><line nr="24" mi="0" ci="6" mb="2" cb="2"/><line nr="25" mi="0" ci="6" mb="0" cb="2"/><line nr="26" mi="0" ci="2" mb="0" cb="0"/><line nr="29" mi="0" ci="2" mb="0" cb="0"/><line nr="31" mi="0" ci="9" mb="1" cb="3"/><line nr="32" mi="0" ci="1" mb="0" cb="0"/><line nr="34" mi="0" ci="9" mb="1" cb="3"/><line nr="35" mi="0" ci="1" mb="0" cb="0"/><line nr="37" mi="0" ci="9" mb="1" cb="3"/><line nr="38" mi="0" ci="1" mb="0" cb="0"/><line nr="41" mi="0" ci="11" mb="0" cb="0"/><line nr="42" mi="0" ci="4" mb="0" cb="2"/><line nr="43" mi="0" ci="1" mb="0" cb="0"/><line nr="44" mi="0" ci="5" mb="1" cb="1"/><line nr="45" mi="1" ci="0" mb="0" cb="0"/><line nr="48" mi="0" ci="2" mb="0" cb="0"/><counter type="INSTRUCTION" missed="1" covered="142"/><counter type="BRANCH" missed="9" covered="21"/><counter type="LINE" missed="1" covered="26"/><counter type="COMPLEXITY" missed="9" covered="9"/><counter type="METHOD" missed="0" covered="3"/><counter type="CLASS" missed="0" covered="1"/></sourcefile><counter type="INSTRUCTION" missed="1" covered="142"/><counter type="BRANCH" missed="9" covered="21"/><counter type="LINE" missed="1" covered="26"/><counter type="COMPLEXITY" missed="9" covered="9"/><counter type="METHOD" missed="0" covered="3"/><counter type="CLASS" missed="0" covered="1"/></package><package name="com/sanosysalvos/motor/repository"><class name="com/sanosysalvos/motor/repository/MascotaRepository" sourcefilename="MascotaRepository.java"/><class name="com/sanosysalvos/motor/repository/MotorRepository" sourcefilename="MotorRepository.java"/><sourcefile name="MascotaRepository.java"/><sourcefile name="MotorRepository.java"/></package><package name="com/sanosysalvos/motor/service"><class name="com/sanosysalvos/motor/service/MotorService" sourcefilename="MotorService.java"><method name="buscarCoincidencias" desc="(Ljava/lang/String;Ljava/lang/Double;Ljava/lang/Integer;Ljava/lang/Integer;)Lcom/sanosysalvos/motor/dto/BusquedaResultDto;" line="35"><counter type="INSTRUCTION" missed="4" covered="153"/><counter type="BRANCH" missed="5" covered="15"/><counter type="LINE" missed="0" covered="23"/><counter type="COMPLEXITY" missed="5" covered="6"/><counter type="METHOD" missed="0" covered="1"/></method><method name="guardarCoincidencia" desc="(Ljava/lang/String;Ljava/lang/String;ID)V" line="80"><counter type="INSTRUCTION" missed="0" covered="30"/><counter type="BRANCH" missed="0" covered="4"/><counter type="LINE" missed="0" covered="6"/><counter type="COMPLEXITY" missed="0" covered="3"/><counter type="METHOD" missed="0" covered="1"/></method><method name="getHistorial" desc="(Ljava/lang/Integer;)Ljava/util/List;" line="103"><counter type="INSTRUCTION" missed="22" covered="0"/><counter type="BRANCH" missed="2" covered="0"/><counter type="LINE" missed="4" covered="0"/><counter type="COMPLEXITY" missed="2" covered="0"/><counter type="METHOD" missed="1" covered="0"/></method><method name="getResumen" desc="()Lcom/sanosysalvos/motor/dto/ResumenDto;" line="126"><counter type="INSTRUCTION" missed="0" covered="24"/><counter type="LINE" missed="0" covered="5"/><counter type="COMPLEXITY" missed="0" covered="1"/><counter type="METHOD" missed="0" covered="1"/></method><method name="lambda$0" desc="()Ljava/lang/RuntimeException;" line="40"><counter type="INSTRUCTION" missed="0" covered="5"/><counter type="LINE" missed="0" covered="1"/><counter type="COMPLEXITY" missed="0" covered="1"/><counter type="METHOD" missed="0" covered="1"/></method><method name="lambda$1" desc="(Lcom/sanosysalvos/motor/dto/CandidatoDto;Lcom/sanosysalvos/motor/dto/CandidatoDto;)I" line="61"><counter type="INSTRUCTION" missed="0" covered="16"/><counter type="BRANCH" missed="0" covered="2"/><counter type="LINE" missed="0" covered="3"/><counter type="COMPLEXITY" missed="0" covered="2"/><counter type="METHOD" missed="0" covered="1"/></method><method name="lambda$2" desc="(Lcom/sanosysalvos/motor/model/Coincidencia;)V" line="86"><counter type="INSTRUCTION" missed="0" covered="1"/><counter type="LINE" missed="0" covered="1"/><counter type="COMPLEXITY" missed="0" covered="1"/><counter type="METHOD" missed="0" covered="1"/></method><method name="lambda$3" desc="(Ljava/lang/String;Ljava/lang/String;ID)V" line="88"><counter type="INSTRUCTION" missed="0" covered="27"/><counter type="LINE" missed="0" covered="11"/><counter type="COMPLEXITY" missed="0" covered="1"/><counter type="METHOD" missed="0" covered="1"/></method><method name="lambda$4" desc="([Ljava/lang/Object;)Lcom/sanosysalvos/motor/dto/HistorialDto;" line="106"><counter type="INSTRUCTION" missed="100" covered="0"/><counter type="BRANCH" missed="4" covered="0"/><counter type="LINE" missed="15" covered="0"/><counter type="COMPLEXITY" missed="3" covered="0"/><counter type="METHOD" missed="1" covered="0"/></method><counter type="INSTRUCTION" missed="126" covered="256"/><counter type="BRANCH" missed="11" covered="21"/><counter type="LINE" missed="19" covered="49"/><counter type="COMPLEXITY" missed="10" covered="15"/><counter type="METHOD" missed="2" covered="7"/><counter type="CLASS" missed="0" covered="1"/></class><sourcefile name="MotorService.java"><line nr="35" mi="1" ci="6" mb="1" cb="1"/><line nr="36" mi="1" ci="6" mb="1" cb="1"/><line nr="37" mi="1" ci="6" mb="1" cb="1"/><line nr="39" mi="0" ci="5" mb="0" cb="0"/><line nr="40" mi="0" ci="8" mb="0" cb="0"/><line nr="42" mi="1" ci="8" mb="1" cb="1"/><line nr="44" mi="0" ci="6" mb="0" cb="0"/><line nr="46" mi="0" ci="4" mb="0" cb="0"/><line nr="47" mi="0" ci="11" mb="0" cb="2"/><line nr="48" mi="0" ci="6" mb="0" cb="0"/><line nr="49" mi="0" ci="12" mb="0" cb="0"/><line nr="51" mi="0" ci="7" mb="0" cb="4"/><line nr="52" mi="0" ci="6" mb="0" cb="0"/><line nr="53" mi="0" ci="5" mb="0" cb="0"/><line nr="54" mi="0" ci="3" mb="0" cb="0"/><line nr="56" mi="0" ci="11" mb="0" cb="0"/><line nr="60" mi="0" ci="3" mb="0" cb="0"/><line nr="61" mi="0" ci="6" mb="0" cb="0"/><line nr="62" mi="0" ci="4" mb="0" cb="2"/><line nr="63" mi="0" ci="6" mb="0" cb="0"/><line nr="66" mi="0" ci="4" mb="0" cb="2"/><line nr="67" mi="0" ci="5" mb="0" cb="0"/><line nr="70" mi="0" ci="11" mb="0" cb="2"/><line nr="71" mi="0" ci="5" mb="1" cb="1"/><line nr="72" mi="0" ci="12" mb="0" cb="0"/><line nr="76" mi="0" ci="8" mb="0" cb="0"/><line nr="80" mi="0" ci="8" mb="0" cb="2"/><line nr="81" mi="0" ci="8" mb="0" cb="2"/><line nr="83" mi="0" ci="6" mb="0" cb="0"/><line nr="84" mi="0" ci="1" mb="0" cb="0"/><line nr="86" mi="0" ci="1" mb="0" cb="0"/><line nr="87" mi="0" ci="6" mb="0" cb="0"/><line nr="88" mi="0" ci="2" mb="0" cb="0"/><line nr="89" mi="0" ci="3" mb="0" cb="0"/><line nr="90" mi="0" ci="2" mb="0" cb="0"/><line nr="91" mi="0" ci="2" mb="0" cb="0"/><line nr="92" mi="0" ci="3" mb="0" cb="0"/><line nr="93" mi="0" ci="3" mb="0" cb="0"/><line nr="94" mi="0" ci="3" mb="0" cb="0"/><line nr="95" mi="0" ci="2" mb="0" cb="0"/><line nr="96" mi="0" ci="1" mb="0" cb="0"/><line nr="97" mi="0" ci="5" mb="0" cb="0"/><line nr="98" mi="0" ci="1" mb="0" cb="0"/><line nr="100" mi="0" ci="1" mb="0" cb="0"/><line nr="103" mi="9" ci="0" mb="2" cb="0"/><line nr="104" mi="5" ci="0" mb="0" cb="0"/><line nr="105" mi="5" ci="0" mb="0" cb="0"/><line nr="106" mi="5" ci="0" mb="0" cb="0"/><line nr="107" mi="5" ci="0" mb="0" cb="0"/><line nr="108" mi="5" ci="0" mb="0" cb="0"/><line nr="109" mi="22" ci="0" mb="4" cb="0"/><line nr="110" mi="6" ci="0" mb="0" cb="0"/><line nr="111" mi="5" ci="0" mb="0" cb="0"/><line nr="112" mi="5" ci="0" mb="0" cb="0"/><line nr="113" mi="5" ci="0" mb="0" cb="0"/><line nr="114" mi="5" ci="0" mb="0" cb="0"/><line nr="115" mi="5" ci="0" mb="0" cb="0"/><line nr="116" mi="5" ci="0" mb="0" cb="0"/><line nr="117" mi="5" ci="0" mb="0" cb="0"/><line nr="118" mi="5" ci="0" mb="0" cb="0"/><line nr="120" mi="9" ci="0" mb="0" cb="0"/><line nr="121" mi="8" ci="0" mb="0" cb="0"/><line nr="122" mi="3" ci="0" mb="0" cb="0"/><line nr="126" mi="0" ci="4" mb="0" cb="0"/><line nr="127" mi="0" ci="4" mb="0" cb="0"/><line nr="128" mi="0" ci="4" mb="0" cb="0"/><line nr="129" mi="0" ci="4" mb="0" cb="0"/><line nr="130" mi="0" ci="8" mb="0" cb="0"/><counter type="INSTRUCTION" missed="126" covered="256"/><counter type="BRANCH" missed="11" covered="21"/><counter type="LINE" missed="19" covered="49"/><counter type="COMPLEXITY" missed="10" covered="15"/><counter type="METHOD" missed="2" covered="7"/><counter type="CLASS" missed="0" covered="1"/></sourcefile><counter type="INSTRUCTION" missed="126" covered="256"/><counter type="BRANCH" missed="11" covered="21"/><counter type="LINE" missed="19" covered="49"/><counter type="COMPLEXITY" missed="10" covered="15"/><counter type="METHOD" missed="2" covered="7"/><counter type="CLASS" missed="0" covered="1"/></package><counter type="INSTRUCTION" missed="176" covered="398"/><counter type="BRANCH" missed="24" covered="42"/><counter type="LINE" missed="34" covered="75"/><counter type="COMPLEXITY" missed="28" covered="24"/><counter type="METHOD" missed="9" covered="10"/><counter type="CLASS" missed="4" covered="2"/></report>